Compiling the C compiler identification source file "CMakeCCompilerId.c" failed.
Compiler: /Users/safahi/Desktop/Xcode.app/Contents/Developer/Toolchains/XcodeDefault.xctoolchain/usr/bin/cc 
Build flags: 
Id flags:  

The output was:
1
ld: library not found for -lSystem
clang: error: linker command failed with exit code 1 (use -v to see invocation)


Compiling the CXX compiler identification source file "CMakeCXXCompilerId.cpp" failed.
Compiler: /Users/safahi/Desktop/Xcode.app/Contents/Developer/Toolchains/XcodeDefault.xctoolchain/usr/bin/c++ 
Build flags: 
Id flags:  

The output was:
1
ld: library not found for -lc++
clang: error: linker command failed with exit code 1 (use -v to see invocation)


Checking whether the ASM compiler is GNU using "--version" did not match "(GNU assembler)|(GCC)|(Free Software Foundation)":
Apple clang version 13.1.6 (clang-1316.0.21.2)
Target: arm64-apple-darwin21.2.0
Thread model: posix
InstalledDir: /Users/safahi/Desktop/Xcode.app/Contents/Developer/Toolchains/XcodeDefault.xctoolchain/usr/bin
Determining if the -Wl,--no-undefined linker flag is supported failed with the following output:
Change Dir: /Users/safahi/monero/build/Darwin/release-v0.17/release/CMakeFiles/CMakeTmp

Run Build Command(s):/usr/bin/make -f Makefile cmTC_59b76/fast && /Users/safahi/Desktop/Xcode.app/Contents/Developer/usr/bin/make  -f CMakeFiles/cmTC_59b76.dir/build.make CMakeFiles/cmTC_59b76.dir/build
Building C object CMakeFiles/cmTC_59b76.dir/CheckLinkerFlag.c.o
/Users/safahi/Desktop/Xcode.app/Contents/Developer/Toolchains/XcodeDefault.xctoolchain/usr/bin/cc   -Wl,--no-undefined  -arch arm64 -isysroot /Users/safahi/Desktop/Xcode.app/Contents/Developer/Platforms/MacOSX.platform/Developer/SDKs/MacOSX12.3.sdk -mmacosx-version-min=12.1   -Wl,--no-undefined -MD -MT CMakeFiles/cmTC_59b76.dir/CheckLinkerFlag.c.o -MF CMakeFiles/cmTC_59b76.dir/CheckLinkerFlag.c.o.d -o CMakeFiles/cmTC_59b76.dir/CheckLinkerFlag.c.o -c /Users/safahi/monero/cmake/CheckLinkerFlag.c
clang: warning: -Wl,--no-undefined: 'linker' input unused [-Wunused-command-line-argument]
clang: warning: -Wl,--no-undefined: 'linker' input unused [-Wunused-command-line-argument]
Linking C executable cmTC_59b76
/opt/homebrew/Cellar/cmake/3.22.2/bin/cmake -E cmake_link_script CMakeFiles/cmTC_59b76.dir/link.txt --verbose=1
/Users/safahi/Desktop/Xcode.app/Contents/Developer/Toolchains/XcodeDefault.xctoolchain/usr/bin/cc -Wl,--no-undefined  -arch arm64 -isysroot /Users/safahi/Desktop/Xcode.app/Contents/Developer/Platforms/MacOSX.platform/Developer/SDKs/MacOSX12.3.sdk -mmacosx-version-min=12.1 -Wl,-search_paths_first -Wl,-headerpad_max_install_names CMakeFiles/cmTC_59b76.dir/CheckLinkerFlag.c.o -o cmTC_59b76 
ld: unknown option: --no-undefined
clang: error: linker command failed with exit code 1 (use -v to see invocation)
make[2]: *** [cmTC_59b76] Error 1
make[1]: *** [cmTC_59b76/fast] Error 2



Compiling the C compiler identification source file "CMakeCCompilerId.c" failed.
Compiler: /Users/safahi/Desktop/Xcode.app/Contents/Developer/Toolchains/XcodeDefault.xctoolchain/usr/bin/cc 
Build flags: 
Id flags:  

The output was:
1
ld: library not found for -lSystem
clang: error: linker command failed with exit code 1 (use -v to see invocation)


Compiling the CXX compiler identification source file "CMakeCXXCompilerId.cpp" failed.
Compiler: /Users/safahi/Desktop/Xcode.app/Contents/Developer/Toolchains/XcodeDefault.xctoolchain/usr/bin/c++ 
Build flags: 
Id flags:  

The output was:
1
ld: library not found for -lc++
clang: error: linker command failed with exit code 1 (use -v to see invocation)


Checking whether the ASM compiler is GNU using "--version" did not match "(GNU assembler)|(GCC)|(Free Software Foundation)":
Apple clang version 13.1.6 (clang-1316.0.21.2)
Target: arm64-apple-darwin21.2.0
Thread model: posix
InstalledDir: /Users/safahi/Desktop/Xcode.app/Contents/Developer/Toolchains/XcodeDefault.xctoolchain/usr/bin
Determining if the function explicit_bzero exists in the c failed with the following output:
Change Dir: /Users/safahi/monero/build/Darwin/release-v0.17/release/CMakeFiles/CMakeTmp

Run Build Command(s):/usr/bin/make -f Makefile cmTC_3f96f/fast && /Users/safahi/Desktop/Xcode.app/Contents/Developer/usr/bin/make  -f CMakeFiles/cmTC_3f96f.dir/build.make CMakeFiles/cmTC_3f96f.dir/build
Building C object CMakeFiles/cmTC_3f96f.dir/CheckFunctionExists.c.o
/Users/safahi/Desktop/Xcode.app/Contents/Developer/Toolchains/XcodeDefault.xctoolchain/usr/bin/cc   -DCHECK_FUNCTION_EXISTS=explicit_bzero -arch arm64 -isysroot /Users/safahi/Desktop/Xcode.app/Contents/Developer/Platforms/MacOSX.platform/Developer/SDKs/MacOSX12.3.sdk -mmacosx-version-min=12.1 -MD -MT CMakeFiles/cmTC_3f96f.dir/CheckFunctionExists.c.o -MF CMakeFiles/cmTC_3f96f.dir/CheckFunctionExists.c.o.d -o CMakeFiles/cmTC_3f96f.dir/CheckFunctionExists.c.o -c /opt/homebrew/Cellar/cmake/3.23.0/share/cmake/Modules/CheckFunctionExists.c
Linking C executable cmTC_3f96f
/opt/homebrew/Cellar/cmake/3.23.0/bin/cmake -E cmake_link_script CMakeFiles/cmTC_3f96f.dir/link.txt --verbose=1
/Users/safahi/Desktop/Xcode.app/Contents/Developer/Toolchains/XcodeDefault.xctoolchain/usr/bin/cc  -DCHECK_FUNCTION_EXISTS=explicit_bzero -arch arm64 -isysroot /Users/safahi/Desktop/Xcode.app/Contents/Developer/Platforms/MacOSX.platform/Developer/SDKs/MacOSX12.3.sdk -mmacosx-version-min=12.1 -Wl,-search_paths_first -Wl,-headerpad_max_install_names CMakeFiles/cmTC_3f96f.dir/CheckFunctionExists.c.o -o cmTC_3f96f   -L/Users/safahi/monero/build/Darwin/release-v0.17/release/CMakeFiles/CMakeTmp/strings.h  -Wl,-rpath,/Users/safahi/monero/build/Darwin/release-v0.17/release/CMakeFiles/CMakeTmp/strings.h -lc 
ld: warning: directory not found for option '-L/Users/safahi/monero/build/Darwin/release-v0.17/release/CMakeFiles/CMakeTmp/strings.h'
Undefined symbols for architecture arm64:
  "_explicit_bzero", referenced from:
      _main in CheckFunctionExists.c.o
ld: symbol(s) not found for architecture arm64
clang: error: linker command failed with exit code 1 (use -v to see invocation)
make[2]: *** [cmTC_3f96f] Error 1
make[1]: *** [cmTC_3f96f/fast] Error 2



Determining if the include file asm/hwcap.h exists failed with the following output:
Change Dir: /Users/safahi/monero/build/Darwin/release-v0.17/release/CMakeFiles/CMakeTmp

Run Build Command(s):/usr/bin/make -f Makefile cmTC_e066b/fast && /Users/safahi/Desktop/Xcode.app/Contents/Developer/usr/bin/make  -f CMakeFiles/cmTC_e066b.dir/build.make CMakeFiles/cmTC_e066b.dir/build
Building C object CMakeFiles/cmTC_e066b.dir/CheckIncludeFile.c.o
/Users/safahi/Desktop/Xcode.app/Contents/Developer/Toolchains/XcodeDefault.xctoolchain/usr/bin/cc   -arch arm64 -isysroot /Users/safahi/Desktop/Xcode.app/Contents/Developer/Platforms/MacOSX.platform/Developer/SDKs/MacOSX12.3.sdk -mmacosx-version-min=12.1 -MD -MT CMakeFiles/cmTC_e066b.dir/CheckIncludeFile.c.o -MF CMakeFiles/cmTC_e066b.dir/CheckIncludeFile.c.o.d -o CMakeFiles/cmTC_e066b.dir/CheckIncludeFile.c.o -c /Users/safahi/monero/build/Darwin/release-v0.17/release/CMakeFiles/CMakeTmp/CheckIncludeFile.c
/Users/safahi/monero/build/Darwin/release-v0.17/release/CMakeFiles/CMakeTmp/CheckIncludeFile.c:1:10: fatal error: 'asm/hwcap.h' file not found
#include <asm/hwcap.h>
         ^~~~~~~~~~~~~
1 error generated.
make[2]: *** [CMakeFiles/cmTC_e066b.dir/CheckIncludeFile.c.o] Error 1
make[1]: *** [cmTC_e066b/fast] Error 2



Performing C SOURCE FILE Test _Werror__fcf_protection=full_c failed with the following output:
Change Dir: /Users/safahi/monero/build/Darwin/release-v0.17/release/CMakeFiles/CMakeTmp

Run Build Command(s):/usr/bin/make -f Makefile cmTC_e5492/fast && /Users/safahi/Desktop/Xcode.app/Contents/Developer/usr/bin/make  -f CMakeFiles/cmTC_e5492.dir/build.make CMakeFiles/cmTC_e5492.dir/build
Building C object CMakeFiles/cmTC_e5492.dir/src.c.o
/Users/safahi/Desktop/Xcode.app/Contents/Developer/Toolchains/XcodeDefault.xctoolchain/usr/bin/cc -D_Werror__fcf_protection=full_c  -march=armv8-a+crypto -fno-strict-aliasing  -arch arm64 -isysroot /Users/safahi/Desktop/Xcode.app/Contents/Developer/Platforms/MacOSX.platform/Developer/SDKs/MacOSX12.3.sdk -mmacosx-version-min=12.1   -Werror -fcf-protection=full -MD -MT CMakeFiles/cmTC_e5492.dir/src.c.o -MF CMakeFiles/cmTC_e5492.dir/src.c.o.d -o CMakeFiles/cmTC_e5492.dir/src.c.o -c /Users/safahi/monero/build/Darwin/release-v0.17/release/CMakeFiles/CMakeTmp/src.c
error: option 'cf-protection=return' cannot be specified on this target
error: option 'cf-protection=branch' cannot be specified on this target
2 errors generated.
make[2]: *** [CMakeFiles/cmTC_e5492.dir/src.c.o] Error 1
make[1]: *** [cmTC_e5492/fast] Error 2


Source file was:
int main(void) { return 0; }
Performing C++ SOURCE FILE Test _Werror__fcf_protection=full_cxx failed with the following output:
Change Dir: /Users/safahi/monero/build/Darwin/release-v0.17/release/CMakeFiles/CMakeTmp

Run Build Command(s):/usr/bin/make -f Makefile cmTC_b9be8/fast && /Users/safahi/Desktop/Xcode.app/Contents/Developer/usr/bin/make  -f CMakeFiles/cmTC_b9be8.dir/build.make CMakeFiles/cmTC_b9be8.dir/build
Building CXX object CMakeFiles/cmTC_b9be8.dir/src.cxx.o
/Users/safahi/Desktop/Xcode.app/Contents/Developer/Toolchains/XcodeDefault.xctoolchain/usr/bin/c++ -D_Werror__fcf_protection=full_cxx  -fvisibility=default -march=armv8-a+crypto -fno-strict-aliasing  -arch arm64 -isysroot /Users/safahi/Desktop/Xcode.app/Contents/Developer/Platforms/MacOSX.platform/Developer/SDKs/MacOSX12.3.sdk -mmacosx-version-min=12.1   -Werror -fcf-protection=full -MD -MT CMakeFiles/cmTC_b9be8.dir/src.cxx.o -MF CMakeFiles/cmTC_b9be8.dir/src.cxx.o.d -o CMakeFiles/cmTC_b9be8.dir/src.cxx.o -c /Users/safahi/monero/build/Darwin/release-v0.17/release/CMakeFiles/CMakeTmp/src.cxx
error: option 'cf-protection=return' cannot be specified on this target
error: option 'cf-protection=branch' cannot be specified on this target
2 errors generated.
make[2]: *** [CMakeFiles/cmTC_b9be8.dir/src.cxx.o] Error 1
make[1]: *** [cmTC_b9be8/fast] Error 2


Source file was:
int main() { return 0; }
Performing C SOURCE FILE Test _Werror__fstack_clash_protection_c failed with the following output:
Change Dir: /Users/safahi/monero/build/Darwin/release-v0.17/release/CMakeFiles/CMakeTmp

Run Build Command(s):/usr/bin/make -f Makefile cmTC_574d5/fast && /Users/safahi/Desktop/Xcode.app/Contents/Developer/usr/bin/make  -f CMakeFiles/cmTC_574d5.dir/build.make CMakeFiles/cmTC_574d5.dir/build
Building C object CMakeFiles/cmTC_574d5.dir/src.c.o
/Users/safahi/Desktop/Xcode.app/Contents/Developer/Toolchains/XcodeDefault.xctoolchain/usr/bin/cc -D_Werror__fstack_clash_protection_c  -march=armv8-a+crypto -fno-strict-aliasing  -arch arm64 -isysroot /Users/safahi/Desktop/Xcode.app/Contents/Developer/Platforms/MacOSX.platform/Developer/SDKs/MacOSX12.3.sdk -mmacosx-version-min=12.1   -Werror -fstack-clash-protection -MD -MT CMakeFiles/cmTC_574d5.dir/src.c.o -MF CMakeFiles/cmTC_574d5.dir/src.c.o.d -o CMakeFiles/cmTC_574d5.dir/src.c.o -c /Users/safahi/monero/build/Darwin/release-v0.17/release/CMakeFiles/CMakeTmp/src.c
clang: error: argument unused during compilation: '-fstack-clash-protection' [-Werror,-Wunused-command-line-argument]
make[2]: *** [CMakeFiles/cmTC_574d5.dir/src.c.o] Error 1
make[1]: *** [cmTC_574d5/fast] Error 2


Source file was:
int main(void) { return 0; }
Performing C++ SOURCE FILE Test _Werror__fstack_clash_protection_cxx failed with the following output:
Change Dir: /Users/safahi/monero/build/Darwin/release-v0.17/release/CMakeFiles/CMakeTmp

Run Build Command(s):/usr/bin/make -f Makefile cmTC_9f3f4/fast && /Users/safahi/Desktop/Xcode.app/Contents/Developer/usr/bin/make  -f CMakeFiles/cmTC_9f3f4.dir/build.make CMakeFiles/cmTC_9f3f4.dir/build
Building CXX object CMakeFiles/cmTC_9f3f4.dir/src.cxx.o
/Users/safahi/Desktop/Xcode.app/Contents/Developer/Toolchains/XcodeDefault.xctoolchain/usr/bin/c++ -D_Werror__fstack_clash_protection_cxx  -fvisibility=default -march=armv8-a+crypto -fno-strict-aliasing  -arch arm64 -isysroot /Users/safahi/Desktop/Xcode.app/Contents/Developer/Platforms/MacOSX.platform/Developer/SDKs/MacOSX12.3.sdk -mmacosx-version-min=12.1   -Werror -fstack-clash-protection -MD -MT CMakeFiles/cmTC_9f3f4.dir/src.cxx.o -MF CMakeFiles/cmTC_9f3f4.dir/src.cxx.o.d -o CMakeFiles/cmTC_9f3f4.dir/src.cxx.o -c /Users/safahi/monero/build/Darwin/release-v0.17/release/CMakeFiles/CMakeTmp/src.cxx
clang: error: argument unused during compilation: '-fstack-clash-protection' [-Werror,-Wunused-command-line-argument]
make[2]: *** [CMakeFiles/cmTC_9f3f4.dir/src.cxx.o] Error 1
make[1]: *** [cmTC_9f3f4/fast] Error 2


Source file was:
int main() { return 0; }
Performing C SOURCE FILE Test _Werror__mmitigate_rop_c failed with the following output:
Change Dir: /Users/safahi/monero/build/Darwin/release-v0.17/release/CMakeFiles/CMakeTmp

Run Build Command(s):/usr/bin/make -f Makefile cmTC_b046d/fast && /Users/safahi/Desktop/Xcode.app/Contents/Developer/usr/bin/make  -f CMakeFiles/cmTC_b046d.dir/build.make CMakeFiles/cmTC_b046d.dir/build
Building C object CMakeFiles/cmTC_b046d.dir/src.c.o
/Users/safahi/Desktop/Xcode.app/Contents/Developer/Toolchains/XcodeDefault.xctoolchain/usr/bin/cc -D_Werror__mmitigate_rop_c  -march=armv8-a+crypto -fno-strict-aliasing  -arch arm64 -isysroot /Users/safahi/Desktop/Xcode.app/Contents/Developer/Platforms/MacOSX.platform/Developer/SDKs/MacOSX12.3.sdk -mmacosx-version-min=12.1   -Werror -mmitigate-rop -MD -MT CMakeFiles/cmTC_b046d.dir/src.c.o -MF CMakeFiles/cmTC_b046d.dir/src.c.o.d -o CMakeFiles/cmTC_b046d.dir/src.c.o -c /Users/safahi/monero/build/Darwin/release-v0.17/release/CMakeFiles/CMakeTmp/src.c
clang: error: unknown argument: '-mmitigate-rop'
make[2]: *** [CMakeFiles/cmTC_b046d.dir/src.c.o] Error 1
make[1]: *** [cmTC_b046d/fast] Error 2


Source file was:
int main(void) { return 0; }
Performing C++ SOURCE FILE Test _Werror__mmitigate_rop_cxx failed with the following output:
Change Dir: /Users/safahi/monero/build/Darwin/release-v0.17/release/CMakeFiles/CMakeTmp

Run Build Command(s):/usr/bin/make -f Makefile cmTC_5e97e/fast && /Users/safahi/Desktop/Xcode.app/Contents/Developer/usr/bin/make  -f CMakeFiles/cmTC_5e97e.dir/build.make CMakeFiles/cmTC_5e97e.dir/build
Building CXX object CMakeFiles/cmTC_5e97e.dir/src.cxx.o
/Users/safahi/Desktop/Xcode.app/Contents/Developer/Toolchains/XcodeDefault.xctoolchain/usr/bin/c++ -D_Werror__mmitigate_rop_cxx  -fvisibility=default -march=armv8-a+crypto -fno-strict-aliasing  -arch arm64 -isysroot /Users/safahi/Desktop/Xcode.app/Contents/Developer/Platforms/MacOSX.platform/Developer/SDKs/MacOSX12.3.sdk -mmacosx-version-min=12.1   -Werror -mmitigate-rop -MD -MT CMakeFiles/cmTC_5e97e.dir/src.cxx.o -MF CMakeFiles/cmTC_5e97e.dir/src.cxx.o.d -o CMakeFiles/cmTC_5e97e.dir/src.cxx.o -c /Users/safahi/monero/build/Darwin/release-v0.17/release/CMakeFiles/CMakeTmp/src.cxx
clang: error: unknown argument: '-mmitigate-rop'
make[2]: *** [CMakeFiles/cmTC_5e97e.dir/src.cxx.o] Error 1
make[1]: *** [cmTC_5e97e/fast] Error 2


Source file was:
int main() { return 0; }
Determining if the -Wl,-z,relro linker flag is supported failed with the following output:
Change Dir: /Users/safahi/monero/build/Darwin/release-v0.17/release/CMakeFiles/CMakeTmp

Run Build Command(s):/usr/bin/make -f Makefile cmTC_643b4/fast && /Users/safahi/Desktop/Xcode.app/Contents/Developer/usr/bin/make  -f CMakeFiles/cmTC_643b4.dir/build.make CMakeFiles/cmTC_643b4.dir/build
Building C object CMakeFiles/cmTC_643b4.dir/CheckLinkerFlag.c.o
/Users/safahi/Desktop/Xcode.app/Contents/Developer/Toolchains/XcodeDefault.xctoolchain/usr/bin/cc   -Wl,-z,relro  -arch arm64 -isysroot /Users/safahi/Desktop/Xcode.app/Contents/Developer/Platforms/MacOSX.platform/Developer/SDKs/MacOSX12.3.sdk -mmacosx-version-min=12.1   -Wl,-z,relro -MD -MT CMakeFiles/cmTC_643b4.dir/CheckLinkerFlag.c.o -MF CMakeFiles/cmTC_643b4.dir/CheckLinkerFlag.c.o.d -o CMakeFiles/cmTC_643b4.dir/CheckLinkerFlag.c.o -c /Users/safahi/monero/cmake/CheckLinkerFlag.c
clang: warning: -Wl,-z,relro: 'linker' input unused [-Wunused-command-line-argument]
clang: warning: -Wl,-z,relro: 'linker' input unused [-Wunused-command-line-argument]
Linking C executable cmTC_643b4
/opt/homebrew/Cellar/cmake/3.23.0/bin/cmake -E cmake_link_script CMakeFiles/cmTC_643b4.dir/link.txt --verbose=1
/Users/safahi/Desktop/Xcode.app/Contents/Developer/Toolchains/XcodeDefault.xctoolchain/usr/bin/cc -Wl,-z,relro  -arch arm64 -isysroot /Users/safahi/Desktop/Xcode.app/Contents/Developer/Platforms/MacOSX.platform/Developer/SDKs/MacOSX12.3.sdk -mmacosx-version-min=12.1 -Wl,-search_paths_first -Wl,-headerpad_max_install_names CMakeFiles/cmTC_643b4.dir/CheckLinkerFlag.c.o -o cmTC_643b4 
ld: unknown option: -z
clang: error: linker command failed with exit code 1 (use -v to see invocation)
make[2]: *** [cmTC_643b4] Error 1
make[1]: *** [cmTC_643b4/fast] Error 2



Determining if the -Wl,-z,now linker flag is supported failed with the following output:
Change Dir: /Users/safahi/monero/build/Darwin/release-v0.17/release/CMakeFiles/CMakeTmp

Run Build Command(s):/usr/bin/make -f Makefile cmTC_6b19c/fast && /Users/safahi/Desktop/Xcode.app/Contents/Developer/usr/bin/make  -f CMakeFiles/cmTC_6b19c.dir/build.make CMakeFiles/cmTC_6b19c.dir/build
Building C object CMakeFiles/cmTC_6b19c.dir/CheckLinkerFlag.c.o
/Users/safahi/Desktop/Xcode.app/Contents/Developer/Toolchains/XcodeDefault.xctoolchain/usr/bin/cc   -Wl,-z,now  -arch arm64 -isysroot /Users/safahi/Desktop/Xcode.app/Contents/Developer/Platforms/MacOSX.platform/Developer/SDKs/MacOSX12.3.sdk -mmacosx-version-min=12.1   -Wl,-z,now -MD -MT CMakeFiles/cmTC_6b19c.dir/CheckLinkerFlag.c.o -MF CMakeFiles/cmTC_6b19c.dir/CheckLinkerFlag.c.o.d -o CMakeFiles/cmTC_6b19c.dir/CheckLinkerFlag.c.o -c /Users/safahi/monero/cmake/CheckLinkerFlag.c
clang: warning: -Wl,-z,now: 'linker' input unused [-Wunused-command-line-argument]
clang: warning: -Wl,-z,now: 'linker' input unused [-Wunused-command-line-argument]
Linking C executable cmTC_6b19c
/opt/homebrew/Cellar/cmake/3.23.0/bin/cmake -E cmake_link_script CMakeFiles/cmTC_6b19c.dir/link.txt --verbose=1
/Users/safahi/Desktop/Xcode.app/Contents/Developer/Toolchains/XcodeDefault.xctoolchain/usr/bin/cc -Wl,-z,now  -arch arm64 -isysroot /Users/safahi/Desktop/Xcode.app/Contents/Developer/Platforms/MacOSX.platform/Developer/SDKs/MacOSX12.3.sdk -mmacosx-version-min=12.1 -Wl,-search_paths_first -Wl,-headerpad_max_install_names CMakeFiles/cmTC_6b19c.dir/CheckLinkerFlag.c.o -o cmTC_6b19c 
ld: unknown option: -z
clang: error: linker command failed with exit code 1 (use -v to see invocation)
make[2]: *** [cmTC_6b19c] Error 1
make[1]: *** [cmTC_6b19c/fast] Error 2



Determining if the -Wl,-z,noexecstack linker flag is supported failed with the following output:
Change Dir: /Users/safahi/monero/build/Darwin/release-v0.17/release/CMakeFiles/CMakeTmp

Run Build Command(s):/usr/bin/make -f Makefile cmTC_f8bf2/fast && /Users/safahi/Desktop/Xcode.app/Contents/Developer/usr/bin/make  -f CMakeFiles/cmTC_f8bf2.dir/build.make CMakeFiles/cmTC_f8bf2.dir/build
Building C object CMakeFiles/cmTC_f8bf2.dir/CheckLinkerFlag.c.o
/Users/safahi/Desktop/Xcode.app/Contents/Developer/Toolchains/XcodeDefault.xctoolchain/usr/bin/cc   -Wl,-z,noexecstack  -arch arm64 -isysroot /Users/safahi/Desktop/Xcode.app/Contents/Developer/Platforms/MacOSX.platform/Developer/SDKs/MacOSX12.3.sdk -mmacosx-version-min=12.1   -Wl,-z,noexecstack -MD -MT CMakeFiles/cmTC_f8bf2.dir/CheckLinkerFlag.c.o -MF CMakeFiles/cmTC_f8bf2.dir/CheckLinkerFlag.c.o.d -o CMakeFiles/cmTC_f8bf2.dir/CheckLinkerFlag.c.o -c /Users/safahi/monero/cmake/CheckLinkerFlag.c
clang: warning: -Wl,-z,noexecstack: 'linker' input unused [-Wunused-command-line-argument]
clang: warning: -Wl,-z,noexecstack: 'linker' input unused [-Wunused-command-line-argument]
Linking C executable cmTC_f8bf2
/opt/homebrew/Cellar/cmake/3.23.0/bin/cmake -E cmake_link_script CMakeFiles/cmTC_f8bf2.dir/link.txt --verbose=1
/Users/safahi/Desktop/Xcode.app/Contents/Developer/Toolchains/XcodeDefault.xctoolchain/usr/bin/cc -Wl,-z,noexecstack  -arch arm64 -isysroot /Users/safahi/Desktop/Xcode.app/Contents/Developer/Platforms/MacOSX.platform/Developer/SDKs/MacOSX12.3.sdk -mmacosx-version-min=12.1 -Wl,-search_paths_first -Wl,-headerpad_max_install_names CMakeFiles/cmTC_f8bf2.dir/CheckLinkerFlag.c.o -o cmTC_f8bf2 
ld: unknown option: -z
clang: error: linker command failed with exit code 1 (use -v to see invocation)
make[2]: *** [cmTC_f8bf2] Error 1
make[1]: *** [cmTC_f8bf2/fast] Error 2



Determining if the -Wl,-z,noexecheap linker flag is supported failed with the following output:
Change Dir: /Users/safahi/monero/build/Darwin/release-v0.17/release/CMakeFiles/CMakeTmp

Run Build Command(s):/usr/bin/make -f Makefile cmTC_79100/fast && /Users/safahi/Desktop/Xcode.app/Contents/Developer/usr/bin/make  -f CMakeFiles/cmTC_79100.dir/build.make CMakeFiles/cmTC_79100.dir/build
Building C object CMakeFiles/cmTC_79100.dir/CheckLinkerFlag.c.o
/Users/safahi/Desktop/Xcode.app/Contents/Developer/Toolchains/XcodeDefault.xctoolchain/usr/bin/cc   -Wl,-z,noexecheap  -arch arm64 -isysroot /Users/safahi/Desktop/Xcode.app/Contents/Developer/Platforms/MacOSX.platform/Developer/SDKs/MacOSX12.3.sdk -mmacosx-version-min=12.1   -Wl,-z,noexecheap -MD -MT CMakeFiles/cmTC_79100.dir/CheckLinkerFlag.c.o -MF CMakeFiles/cmTC_79100.dir/CheckLinkerFlag.c.o.d -o CMakeFiles/cmTC_79100.dir/CheckLinkerFlag.c.o -c /Users/safahi/monero/cmake/CheckLinkerFlag.c
clang: warning: -Wl,-z,noexecheap: 'linker' input unused [-Wunused-command-line-argument]
clang: warning: -Wl,-z,noexecheap: 'linker' input unused [-Wunused-command-line-argument]
Linking C executable cmTC_79100
/opt/homebrew/Cellar/cmake/3.23.0/bin/cmake -E cmake_link_script CMakeFiles/cmTC_79100.dir/link.txt --verbose=1
/Users/safahi/Desktop/Xcode.app/Contents/Developer/Toolchains/XcodeDefault.xctoolchain/usr/bin/cc -Wl,-z,noexecheap  -arch arm64 -isysroot /Users/safahi/Desktop/Xcode.app/Contents/Developer/Platforms/MacOSX.platform/Developer/SDKs/MacOSX12.3.sdk -mmacosx-version-min=12.1 -Wl,-search_paths_first -Wl,-headerpad_max_install_names CMakeFiles/cmTC_79100.dir/CheckLinkerFlag.c.o -o cmTC_79100 
ld: unknown option: -z
clang: error: linker command failed with exit code 1 (use -v to see invocation)
make[2]: *** [cmTC_79100] Error 1
make[1]: *** [cmTC_79100/fast] Error 2



Determining if the CXX compiler accepts the flag -mfix-cortex-a53-843419 failed with the following output:
Change Dir: /Users/safahi/monero/build/Darwin/release-v0.17/release/CMakeFiles/CMakeTmp

Run Build Command(s):/usr/bin/make -f Makefile cmTC_3316c/fast && /Users/safahi/Desktop/Xcode.app/Contents/Developer/usr/bin/make  -f CMakeFiles/cmTC_3316c.dir/build.make CMakeFiles/cmTC_3316c.dir/build
Building CXX object CMakeFiles/cmTC_3316c.dir/DummyCXXFile.cxx.o
/Users/safahi/Desktop/Xcode.app/Contents/Developer/Toolchains/XcodeDefault.xctoolchain/usr/bin/c++   -fvisibility=default -march=armv8-a+crypto -fno-strict-aliasing -D_GNU_SOURCE   -Wall -Wextra -Wpointer-arith -Wundef -Wvla -Wwrite-strings -Wno-error=extra -Wno-error=deprecated-declarations -Wno-unused-parameter -Wno-unused-variable -Wno-error=unused-variable -Wno-error=undef -Wno-error=uninitialized -Wno-error=inline-asm -Wno-reorder -Wno-missing-field-initializers  -fPIC  -Wformat -Wformat-security -fstack-protector -fstack-protector-strong -fno-strict-aliasing -mfix-cortex-a53-843419 -arch arm64 -isysroot /Users/safahi/Desktop/Xcode.app/Contents/Developer/Platforms/MacOSX.platform/Developer/SDKs/MacOSX12.3.sdk -mmacosx-version-min=12.1 -MD -MT CMakeFiles/cmTC_3316c.dir/DummyCXXFile.cxx.o -MF CMakeFiles/cmTC_3316c.dir/DummyCXXFile.cxx.o.d -o CMakeFiles/cmTC_3316c.dir/DummyCXXFile.cxx.o -c /opt/homebrew/Cellar/cmake/3.23.0/share/cmake/Modules/DummyCXXFile.cxx
clang: error: unknown argument: '-mfix-cortex-a53-843419'
make[2]: *** [CMakeFiles/cmTC_3316c.dir/DummyCXXFile.cxx.o] Error 1
make[1]: *** [cmTC_3316c/fast] Error 2



Determining if the function rl_copy_text exists failed with the following output:
Change Dir: /Users/safahi/monero/build/Darwin/release-v0.17/release/CMakeFiles/CMakeTmp

Run Build Command(s):/usr/bin/make -f Makefile cmTC_1a62d/fast && /Users/safahi/Desktop/Xcode.app/Contents/Developer/usr/bin/make  -f CMakeFiles/cmTC_1a62d.dir/build.make CMakeFiles/cmTC_1a62d.dir/build
Building C object CMakeFiles/cmTC_1a62d.dir/CheckFunctionExists.c.o
/Users/safahi/Desktop/Xcode.app/Contents/Developer/Toolchains/XcodeDefault.xctoolchain/usr/bin/cc   -march=armv8-a+crypto -fno-strict-aliasing -D_GNU_SOURCE   -Wall -Wextra -Wpointer-arith -Wundef -Wvla -Wwrite-strings -Wno-error=extra -Wno-error=deprecated-declarations -Wno-unused-parameter -Wno-unused-variable -Wno-error=unused-variable -Wno-error=undef -Wno-error=uninitialized -Wno-error=inline-asm -Waggregate-return -Wnested-externs -Wold-style-definition -Wstrict-prototypes  -fPIC  -Wformat -Wformat-security -fstack-protector -fstack-protector-strong -fno-strict-aliasing -mfix-cortex-a53-835769 -DCHECK_FUNCTION_EXISTS=rl_copy_text -arch arm64 -isysroot /Users/safahi/Desktop/Xcode.app/Contents/Developer/Platforms/MacOSX.platform/Developer/SDKs/MacOSX12.3.sdk -mmacosx-version-min=12.1 -MD -MT CMakeFiles/cmTC_1a62d.dir/CheckFunctionExists.c.o -MF CMakeFiles/cmTC_1a62d.dir/CheckFunctionExists.c.o.d -o CMakeFiles/cmTC_1a62d.dir/CheckFunctionExists.c.o -c /opt/homebrew/Cellar/cmake/3.23.0/share/cmake/Modules/CheckFunctionExists.c
Linking C executable cmTC_1a62d
/opt/homebrew/Cellar/cmake/3.23.0/bin/cmake -E cmake_link_script CMakeFiles/cmTC_1a62d.dir/link.txt --verbose=1
/Users/safahi/Desktop/Xcode.app/Contents/Developer/Toolchains/XcodeDefault.xctoolchain/usr/bin/cc  -march=armv8-a+crypto -fno-strict-aliasing -D_GNU_SOURCE   -Wall -Wextra -Wpointer-arith -Wundef -Wvla -Wwrite-strings -Wno-error=extra -Wno-error=deprecated-declarations -Wno-unused-parameter -Wno-unused-variable -Wno-error=unused-variable -Wno-error=undef -Wno-error=uninitialized -Wno-error=inline-asm -Waggregate-return -Wnested-externs -Wold-style-definition -Wstrict-prototypes  -fPIC  -Wformat -Wformat-security -fstack-protector -fstack-protector-strong -fno-strict-aliasing -mfix-cortex-a53-835769 -DCHECK_FUNCTION_EXISTS=rl_copy_text -arch arm64 -isysroot /Users/safahi/Desktop/Xcode.app/Contents/Developer/Platforms/MacOSX.platform/Developer/SDKs/MacOSX12.3.sdk -mmacosx-version-min=12.1 -Wl,-search_paths_first -Wl,-headerpad_max_install_names CMakeFiles/cmTC_1a62d.dir/CheckFunctionExists.c.o -o cmTC_1a62d  /Users/safahi/Desktop/Xcode.app/Contents/Developer/Platforms/MacOSX.platform/Developer/SDKs/MacOSX12.3.sdk/usr/lib/libreadline.tbd 
Undefined symbols for architecture arm64:
  "_rl_copy_text", referenced from:
      _main in CheckFunctionExists.c.o
ld: symbol(s) not found for architecture arm64
clang: error: linker command failed with exit code 1 (use -v to see invocation)
make[2]: *** [cmTC_1a62d] Error 1
make[1]: *** [cmTC_1a62d/fast] Error 2



Compiling the C compiler identification source file "CMakeCCompilerId.c" failed.
Compiler: /Users/safahi/Desktop/Xcode.app/Contents/Developer/Toolchains/XcodeDefault.xctoolchain/usr/bin/cc 
Build flags: 
Id flags:  

The output was:
No such file or directory


Compiling the C compiler identification source file "CMakeCCompilerId.c" failed.
Compiler: /Users/safahi/Desktop/Xcode.app/Contents/Developer/Toolchains/XcodeDefault.xctoolchain/usr/bin/cc 
Build flags: 
Id flags: -c 

The output was:
No such file or directory


Compiling the C compiler identification source file "CMakeCCompilerId.c" failed.
Compiler: /Users/safahi/Desktop/Xcode.app/Contents/Developer/Toolchains/XcodeDefault.xctoolchain/usr/bin/cc 
Build flags: 
Id flags: -Aa 

The output was:
No such file or directory


Compiling the C compiler identification source file "CMakeCCompilerId.c" failed.
Compiler: /Users/safahi/Desktop/Xcode.app/Contents/Developer/Toolchains/XcodeDefault.xctoolchain/usr/bin/cc 
Build flags: 
Id flags: -D__CLASSIC_C__ 

The output was:
No such file or directory


Compiling the C compiler identification source file "CMakeCCompilerId.c" failed.
Compiler: /Users/safahi/Desktop/Xcode.app/Contents/Developer/Toolchains/XcodeDefault.xctoolchain/usr/bin/cc 
Build flags: 
Id flags: --target=arm-arm-none-eabi;-mcpu=cortex-m3 

The output was:
No such file or directory


Compiling the C compiler identification source file "CMakeCCompilerId.c" failed.
Compiler: /Users/safahi/Desktop/Xcode.app/Contents/Developer/Toolchains/XcodeDefault.xctoolchain/usr/bin/cc 
Build flags: 
Id flags: -c;-I__does_not_exist__ 

The output was:
No such file or directory


Compiling the C compiler identification source file "CMakeCCompilerId.c" failed.
Compiler: /Users/safahi/Desktop/Xcode.app/Contents/Developer/Toolchains/XcodeDefault.xctoolchain/usr/bin/cc 
Build flags: 
Id flags:  

The output was:
No such file or directory


Compiling the C compiler identification source file "CMakeCCompilerId.c" failed.
Compiler: /Users/safahi/Desktop/Xcode.app/Contents/Developer/Toolchains/XcodeDefault.xctoolchain/usr/bin/cc 
Build flags: 
Id flags: -c 

The output was:
No such file or directory


Compiling the C compiler identification source file "CMakeCCompilerId.c" failed.
Compiler: /Users/safahi/Desktop/Xcode.app/Contents/Developer/Toolchains/XcodeDefault.xctoolchain/usr/bin/cc 
Build flags: 
Id flags: -Aa 

The output was:
No such file or directory


Compiling the C compiler identification source file "CMakeCCompilerId.c" failed.
Compiler: /Users/safahi/Desktop/Xcode.app/Contents/Developer/Toolchains/XcodeDefault.xctoolchain/usr/bin/cc 
Build flags: 
Id flags: -D__CLASSIC_C__ 

The output was:
No such file or directory


Compiling the C compiler identification source file "CMakeCCompilerId.c" failed.
Compiler: /Users/safahi/Desktop/Xcode.app/Contents/Developer/Toolchains/XcodeDefault.xctoolchain/usr/bin/cc 
Build flags: 
Id flags: --target=arm-arm-none-eabi;-mcpu=cortex-m3 

The output was:
No such file or directory


Compiling the C compiler identification source file "CMakeCCompilerId.c" failed.
Compiler: /Users/safahi/Desktop/Xcode.app/Contents/Developer/Toolchains/XcodeDefault.xctoolchain/usr/bin/cc 
Build flags: 
Id flags: -c;-I__does_not_exist__ 

The output was:
No such file or directory


Checking whether the C compiler is IAR using "" did not match "IAR .+ Compiler":
Checking whether the C compiler is IAR using "" did not match "IAR .+ Compiler":
Compiling the CXX compiler identification source file "CMakeCXXCompilerId.cpp" failed.
Compiler: /Users/safahi/Desktop/Xcode.app/Contents/Developer/Toolchains/XcodeDefault.xctoolchain/usr/bin/c++ 
Build flags: 
Id flags:  

The output was:
No such file or directory


Compiling the CXX compiler identification source file "CMakeCXXCompilerId.cpp" failed.
Compiler: /Users/safahi/Desktop/Xcode.app/Contents/Developer/Toolchains/XcodeDefault.xctoolchain/usr/bin/c++ 
Build flags: 
Id flags: -c 

The output was:
No such file or directory


Compiling the CXX compiler identification source file "CMakeCXXCompilerId.cpp" failed.
Compiler: /Users/safahi/Desktop/Xcode.app/Contents/Developer/Toolchains/XcodeDefault.xctoolchain/usr/bin/c++ 
Build flags: 
Id flags: --c++ 

The output was:
No such file or directory


Compiling the CXX compiler identification source file "CMakeCXXCompilerId.cpp" failed.
Compiler: /Users/safahi/Desktop/Xcode.app/Contents/Developer/Toolchains/XcodeDefault.xctoolchain/usr/bin/c++ 
Build flags: 
Id flags: --ec++ 

The output was:
No such file or directory


Compiling the CXX compiler identification source file "CMakeCXXCompilerId.cpp" failed.
Compiler: /Users/safahi/Desktop/Xcode.app/Contents/Developer/Toolchains/XcodeDefault.xctoolchain/usr/bin/c++ 
Build flags: 
Id flags: --target=arm-arm-none-eabi;-mcpu=cortex-m3 

The output was:
No such file or directory


Compiling the CXX compiler identification source file "CMakeCXXCompilerId.cpp" failed.
Compiler: /Users/safahi/Desktop/Xcode.app/Contents/Developer/Toolchains/XcodeDefault.xctoolchain/usr/bin/c++ 
Build flags: 
Id flags: -c;-I__does_not_exist__ 

The output was:
No such file or directory


Compiling the CXX compiler identification source file "CMakeCXXCompilerId.cpp" failed.
Compiler: /Users/safahi/Desktop/Xcode.app/Contents/Developer/Toolchains/XcodeDefault.xctoolchain/usr/bin/c++ 
Build flags: 
Id flags:  

The output was:
No such file or directory


Compiling the CXX compiler identification source file "CMakeCXXCompilerId.cpp" failed.
Compiler: /Users/safahi/Desktop/Xcode.app/Contents/Developer/Toolchains/XcodeDefault.xctoolchain/usr/bin/c++ 
Build flags: 
Id flags: -c 

The output was:
No such file or directory


Compiling the CXX compiler identification source file "CMakeCXXCompilerId.cpp" failed.
Compiler: /Users/safahi/Desktop/Xcode.app/Contents/Developer/Toolchains/XcodeDefault.xctoolchain/usr/bin/c++ 
Build flags: 
Id flags: --c++ 

The output was:
No such file or directory


Compiling the CXX compiler identification source file "CMakeCXXCompilerId.cpp" failed.
Compiler: /Users/safahi/Desktop/Xcode.app/Contents/Developer/Toolchains/XcodeDefault.xctoolchain/usr/bin/c++ 
Build flags: 
Id flags: --ec++ 

The output was:
No such file or directory


Compiling the CXX compiler identification source file "CMakeCXXCompilerId.cpp" failed.
Compiler: /Users/safahi/Desktop/Xcode.app/Contents/Developer/Toolchains/XcodeDefault.xctoolchain/usr/bin/c++ 
Build flags: 
Id flags: --target=arm-arm-none-eabi;-mcpu=cortex-m3 

The output was:
No such file or directory


Compiling the CXX compiler identification source file "CMakeCXXCompilerId.cpp" failed.
Compiler: /Users/safahi/Desktop/Xcode.app/Contents/Developer/Toolchains/XcodeDefault.xctoolchain/usr/bin/c++ 
Build flags: 
Id flags: -c;-I__does_not_exist__ 

The output was:
No such file or directory


Checking whether the CXX compiler is IAR using "" did not match "IAR .+ Compiler":
Checking whether the CXX compiler is IAR using "" did not match "IAR .+ Compiler":
Compiling the C compiler identification source file "CMakeCCompilerId.c" failed.
Compiler: /Users/safahi/Desktop/Xcode.app/Contents/Developer/Toolchains/XcodeDefault.xctoolchain/usr/bin/cc 
Build flags: 
Id flags:  

The output was:
No such file or directory


Compiling the C compiler identification source file "CMakeCCompilerId.c" failed.
Compiler: /Users/safahi/Desktop/Xcode.app/Contents/Developer/Toolchains/XcodeDefault.xctoolchain/usr/bin/cc 
Build flags: 
Id flags: -c 

The output was:
No such file or directory


Compiling the C compiler identification source file "CMakeCCompilerId.c" failed.
Compiler: /Users/safahi/Desktop/Xcode.app/Contents/Developer/Toolchains/XcodeDefault.xctoolchain/usr/bin/cc 
Build flags: 
Id flags: -Aa 

The output was:
No such file or directory


Compiling the C compiler identification source file "CMakeCCompilerId.c" failed.
Compiler: /Users/safahi/Desktop/Xcode.app/Contents/Developer/Toolchains/XcodeDefault.xctoolchain/usr/bin/cc 
Build flags: 
Id flags: -D__CLASSIC_C__ 

The output was:
No such file or directory


Compiling the C compiler identification source file "CMakeCCompilerId.c" failed.
Compiler: /Users/safahi/Desktop/Xcode.app/Contents/Developer/Toolchains/XcodeDefault.xctoolchain/usr/bin/cc 
Build flags: 
Id flags: --target=arm-arm-none-eabi;-mcpu=cortex-m3 

The output was:
No such file or directory


Compiling the C compiler identification source file "CMakeCCompilerId.c" failed.
Compiler: /Users/safahi/Desktop/Xcode.app/Contents/Developer/Toolchains/XcodeDefault.xctoolchain/usr/bin/cc 
Build flags: 
Id flags: -c;-I__does_not_exist__ 

The output was:
No such file or directory


Compiling the C compiler identification source file "CMakeCCompilerId.c" failed.
Compiler: /Users/safahi/Desktop/Xcode.app/Contents/Developer/Toolchains/XcodeDefault.xctoolchain/usr/bin/cc 
Build flags: 
Id flags:  

The output was:
No such file or directory


Compiling the C compiler identification source file "CMakeCCompilerId.c" failed.
Compiler: /Users/safahi/Desktop/Xcode.app/Contents/Developer/Toolchains/XcodeDefault.xctoolchain/usr/bin/cc 
Build flags: 
Id flags: -c 

The output was:
No such file or directory


Compiling the C compiler identification source file "CMakeCCompilerId.c" failed.
Compiler: /Users/safahi/Desktop/Xcode.app/Contents/Developer/Toolchains/XcodeDefault.xctoolchain/usr/bin/cc 
Build flags: 
Id flags: -Aa 

The output was:
No such file or directory


Compiling the C compiler identification source file "CMakeCCompilerId.c" failed.
Compiler: /Users/safahi/Desktop/Xcode.app/Contents/Developer/Toolchains/XcodeDefault.xctoolchain/usr/bin/cc 
Build flags: 
Id flags: -D__CLASSIC_C__ 

The output was:
No such file or directory


Compiling the C compiler identification source file "CMakeCCompilerId.c" failed.
Compiler: /Users/safahi/Desktop/Xcode.app/Contents/Developer/Toolchains/XcodeDefault.xctoolchain/usr/bin/cc 
Build flags: 
Id flags: --target=arm-arm-none-eabi;-mcpu=cortex-m3 

The output was:
No such file or directory


Compiling the C compiler identification source file "CMakeCCompilerId.c" failed.
Compiler: /Users/safahi/Desktop/Xcode.app/Contents/Developer/Toolchains/XcodeDefault.xctoolchain/usr/bin/cc 
Build flags: 
Id flags: -c;-I__does_not_exist__ 

The output was:
No such file or directory


Checking whether the C compiler is IAR using "" did not match "IAR .+ Compiler":
Checking whether the C compiler is IAR using "" did not match "IAR .+ Compiler":
Compiling the CXX compiler identification source file "CMakeCXXCompilerId.cpp" failed.
Compiler: /Users/safahi/Desktop/Xcode.app/Contents/Developer/Toolchains/XcodeDefault.xctoolchain/usr/bin/c++ 
Build flags: 
Id flags:  

The output was:
No such file or directory


Compiling the CXX compiler identification source file "CMakeCXXCompilerId.cpp" failed.
Compiler: /Users/safahi/Desktop/Xcode.app/Contents/Developer/Toolchains/XcodeDefault.xctoolchain/usr/bin/c++ 
Build flags: 
Id flags: -c 

The output was:
No such file or directory


Compiling the CXX compiler identification source file "CMakeCXXCompilerId.cpp" failed.
Compiler: /Users/safahi/Desktop/Xcode.app/Contents/Developer/Toolchains/XcodeDefault.xctoolchain/usr/bin/c++ 
Build flags: 
Id flags: --c++ 

The output was:
No such file or directory


Compiling the CXX compiler identification source file "CMakeCXXCompilerId.cpp" failed.
Compiler: /Users/safahi/Desktop/Xcode.app/Contents/Developer/Toolchains/XcodeDefault.xctoolchain/usr/bin/c++ 
Build flags: 
Id flags: --ec++ 

The output was:
No such file or directory


Compiling the CXX compiler identification source file "CMakeCXXCompilerId.cpp" failed.
Compiler: /Users/safahi/Desktop/Xcode.app/Contents/Developer/Toolchains/XcodeDefault.xctoolchain/usr/bin/c++ 
Build flags: 
Id flags: --target=arm-arm-none-eabi;-mcpu=cortex-m3 

The output was:
No such file or directory


Compiling the CXX compiler identification source file "CMakeCXXCompilerId.cpp" failed.
Compiler: /Users/safahi/Desktop/Xcode.app/Contents/Developer/Toolchains/XcodeDefault.xctoolchain/usr/bin/c++ 
Build flags: 
Id flags: -c;-I__does_not_exist__ 

The output was:
No such file or directory


Compiling the CXX compiler identification source file "CMakeCXXCompilerId.cpp" failed.
Compiler: /Users/safahi/Desktop/Xcode.app/Contents/Developer/Toolchains/XcodeDefault.xctoolchain/usr/bin/c++ 
Build flags: 
Id flags:  

The output was:
No such file or directory


Compiling the CXX compiler identification source file "CMakeCXXCompilerId.cpp" failed.
Compiler: /Users/safahi/Desktop/Xcode.app/Contents/Developer/Toolchains/XcodeDefault.xctoolchain/usr/bin/c++ 
Build flags: 
Id flags: -c 

The output was:
No such file or directory


Compiling the CXX compiler identification source file "CMakeCXXCompilerId.cpp" failed.
Compiler: /Users/safahi/Desktop/Xcode.app/Contents/Developer/Toolchains/XcodeDefault.xctoolchain/usr/bin/c++ 
Build flags: 
Id flags: --c++ 

The output was:
No such file or directory


Compiling the CXX compiler identification source file "CMakeCXXCompilerId.cpp" failed.
Compiler: /Users/safahi/Desktop/Xcode.app/Contents/Developer/Toolchains/XcodeDefault.xctoolchain/usr/bin/c++ 
Build flags: 
Id flags: --ec++ 

The output was:
No such file or directory


Compiling the CXX compiler identification source file "CMakeCXXCompilerId.cpp" failed.
Compiler: /Users/safahi/Desktop/Xcode.app/Contents/Developer/Toolchains/XcodeDefault.xctoolchain/usr/bin/c++ 
Build flags: 
Id flags: --target=arm-arm-none-eabi;-mcpu=cortex-m3 

The output was:
No such file or directory


Compiling the CXX compiler identification source file "CMakeCXXCompilerId.cpp" failed.
Compiler: /Users/safahi/Desktop/Xcode.app/Contents/Developer/Toolchains/XcodeDefault.xctoolchain/usr/bin/c++ 
Build flags: 
Id flags: -c;-I__does_not_exist__ 

The output was:
No such file or directory


Checking whether the CXX compiler is IAR using "" did not match "IAR .+ Compiler":
Checking whether the CXX compiler is IAR using "" did not match "IAR .+ Compiler":
Compiling the C compiler identification source file "CMakeCCompilerId.c" failed.
Compiler: /Users/safahi/Desktop/Xcode.app/Contents/Developer/Toolchains/XcodeDefault.xctoolchain/usr/bin/cc 
Build flags: 
Id flags:  

The output was:
No such file or directory


Compiling the C compiler identification source file "CMakeCCompilerId.c" failed.
Compiler: /Users/safahi/Desktop/Xcode.app/Contents/Developer/Toolchains/XcodeDefault.xctoolchain/usr/bin/cc 
Build flags: 
Id flags: -c 

The output was:
No such file or directory


Compiling the C compiler identification source file "CMakeCCompilerId.c" failed.
Compiler: /Users/safahi/Desktop/Xcode.app/Contents/Developer/Toolchains/XcodeDefault.xctoolchain/usr/bin/cc 
Build flags: 
Id flags: -Aa 

The output was:
No such file or directory


Compiling the C compiler identification source file "CMakeCCompilerId.c" failed.
Compiler: /Users/safahi/Desktop/Xcode.app/Contents/Developer/Toolchains/XcodeDefault.xctoolchain/usr/bin/cc 
Build flags: 
Id flags: -D__CLASSIC_C__ 

The output was:
No such file or directory


Compiling the C compiler identification source file "CMakeCCompilerId.c" failed.
Compiler: /Users/safahi/Desktop/Xcode.app/Contents/Developer/Toolchains/XcodeDefault.xctoolchain/usr/bin/cc 
Build flags: 
Id flags: --target=arm-arm-none-eabi;-mcpu=cortex-m3 

The output was:
No such file or directory


Compiling the C compiler identification source file "CMakeCCompilerId.c" failed.
Compiler: /Users/safahi/Desktop/Xcode.app/Contents/Developer/Toolchains/XcodeDefault.xctoolchain/usr/bin/cc 
Build flags: 
Id flags: -c;-I__does_not_exist__ 

The output was:
No such file or directory


Compiling the C compiler identification source file "CMakeCCompilerId.c" failed.
Compiler: /Users/safahi/Desktop/Xcode.app/Contents/Developer/Toolchains/XcodeDefault.xctoolchain/usr/bin/cc 
Build flags: 
Id flags:  

The output was:
No such file or directory


Compiling the C compiler identification source file "CMakeCCompilerId.c" failed.
Compiler: /Users/safahi/Desktop/Xcode.app/Contents/Developer/Toolchains/XcodeDefault.xctoolchain/usr/bin/cc 
Build flags: 
Id flags: -c 

The output was:
No such file or directory


Compiling the C compiler identification source file "CMakeCCompilerId.c" failed.
Compiler: /Users/safahi/Desktop/Xcode.app/Contents/Developer/Toolchains/XcodeDefault.xctoolchain/usr/bin/cc 
Build flags: 
Id flags: -Aa 

The output was:
No such file or directory


Compiling the C compiler identification source file "CMakeCCompilerId.c" failed.
Compiler: /Users/safahi/Desktop/Xcode.app/Contents/Developer/Toolchains/XcodeDefault.xctoolchain/usr/bin/cc 
Build flags: 
Id flags: -D__CLASSIC_C__ 

The output was:
No such file or directory


Compiling the C compiler identification source file "CMakeCCompilerId.c" failed.
Compiler: /Users/safahi/Desktop/Xcode.app/Contents/Developer/Toolchains/XcodeDefault.xctoolchain/usr/bin/cc 
Build flags: 
Id flags: --target=arm-arm-none-eabi;-mcpu=cortex-m3 

The output was:
No such file or directory


Compiling the C compiler identification source file "CMakeCCompilerId.c" failed.
Compiler: /Users/safahi/Desktop/Xcode.app/Contents/Developer/Toolchains/XcodeDefault.xctoolchain/usr/bin/cc 
Build flags: 
Id flags: -c;-I__does_not_exist__ 

The output was:
No such file or directory


Checking whether the C compiler is IAR using "" did not match "IAR .+ Compiler":
Checking whether the C compiler is IAR using "" did not match "IAR .+ Compiler":
Compiling the CXX compiler identification source file "CMakeCXXCompilerId.cpp" failed.
Compiler: /Users/safahi/Desktop/Xcode.app/Contents/Developer/Toolchains/XcodeDefault.xctoolchain/usr/bin/c++ 
Build flags: 
Id flags:  

The output was:
No such file or directory


Compiling the CXX compiler identification source file "CMakeCXXCompilerId.cpp" failed.
Compiler: /Users/safahi/Desktop/Xcode.app/Contents/Developer/Toolchains/XcodeDefault.xctoolchain/usr/bin/c++ 
Build flags: 
Id flags: -c 

The output was:
No such file or directory


Compiling the CXX compiler identification source file "CMakeCXXCompilerId.cpp" failed.
Compiler: /Users/safahi/Desktop/Xcode.app/Contents/Developer/Toolchains/XcodeDefault.xctoolchain/usr/bin/c++ 
Build flags: 
Id flags: --c++ 

The output was:
No such file or directory


Compiling the CXX compiler identification source file "CMakeCXXCompilerId.cpp" failed.
Compiler: /Users/safahi/Desktop/Xcode.app/Contents/Developer/Toolchains/XcodeDefault.xctoolchain/usr/bin/c++ 
Build flags: 
Id flags: --ec++ 

The output was:
No such file or directory


Compiling the CXX compiler identification source file "CMakeCXXCompilerId.cpp" failed.
Compiler: /Users/safahi/Desktop/Xcode.app/Contents/Developer/Toolchains/XcodeDefault.xctoolchain/usr/bin/c++ 
Build flags: 
Id flags: --target=arm-arm-none-eabi;-mcpu=cortex-m3 

The output was:
No such file or directory


Compiling the CXX compiler identification source file "CMakeCXXCompilerId.cpp" failed.
Compiler: /Users/safahi/Desktop/Xcode.app/Contents/Developer/Toolchains/XcodeDefault.xctoolchain/usr/bin/c++ 
Build flags: 
Id flags: -c;-I__does_not_exist__ 

The output was:
No such file or directory


Compiling the CXX compiler identification source file "CMakeCXXCompilerId.cpp" failed.
Compiler: /Users/safahi/Desktop/Xcode.app/Contents/Developer/Toolchains/XcodeDefault.xctoolchain/usr/bin/c++ 
Build flags: 
Id flags:  

The output was:
No such file or directory


Compiling the CXX compiler identification source file "CMakeCXXCompilerId.cpp" failed.
Compiler: /Users/safahi/Desktop/Xcode.app/Contents/Developer/Toolchains/XcodeDefault.xctoolchain/usr/bin/c++ 
Build flags: 
Id flags: -c 

The output was:
No such file or directory


Compiling the CXX compiler identification source file "CMakeCXXCompilerId.cpp" failed.
Compiler: /Users/safahi/Desktop/Xcode.app/Contents/Developer/Toolchains/XcodeDefault.xctoolchain/usr/bin/c++ 
Build flags: 
Id flags: --c++ 

The output was:
No such file or directory


Compiling the CXX compiler identification source file "CMakeCXXCompilerId.cpp" failed.
Compiler: /Users/safahi/Desktop/Xcode.app/Contents/Developer/Toolchains/XcodeDefault.xctoolchain/usr/bin/c++ 
Build flags: 
Id flags: --ec++ 

The output was:
No such file or directory


Compiling the CXX compiler identification source file "CMakeCXXCompilerId.cpp" failed.
Compiler: /Users/safahi/Desktop/Xcode.app/Contents/Developer/Toolchains/XcodeDefault.xctoolchain/usr/bin/c++ 
Build flags: 
Id flags: --target=arm-arm-none-eabi;-mcpu=cortex-m3 

The output was:
No such file or directory


Compiling the CXX compiler identification source file "CMakeCXXCompilerId.cpp" failed.
Compiler: /Users/safahi/Desktop/Xcode.app/Contents/Developer/Toolchains/XcodeDefault.xctoolchain/usr/bin/c++ 
Build flags: 
Id flags: -c;-I__does_not_exist__ 

The output was:
No such file or directory


Checking whether the CXX compiler is IAR using "" did not match "IAR .+ Compiler":
Checking whether the CXX compiler is IAR using "" did not match "IAR .+ Compiler":
Compiling the C compiler identification source file "CMakeCCompilerId.c" failed.
Compiler: /Users/safahi/Desktop/Xcode.app/Contents/Developer/Toolchains/XcodeDefault.xctoolchain/usr/bin/cc 
Build flags: 
Id flags:  

The output was:
No such file or directory


Compiling the C compiler identification source file "CMakeCCompilerId.c" failed.
Compiler: /Users/safahi/Desktop/Xcode.app/Contents/Developer/Toolchains/XcodeDefault.xctoolchain/usr/bin/cc 
Build flags: 
Id flags: -c 

The output was:
No such file or directory


Compiling the C compiler identification source file "CMakeCCompilerId.c" failed.
Compiler: /Users/safahi/Desktop/Xcode.app/Contents/Developer/Toolchains/XcodeDefault.xctoolchain/usr/bin/cc 
Build flags: 
Id flags: -Aa 

The output was:
No such file or directory


Compiling the C compiler identification source file "CMakeCCompilerId.c" failed.
Compiler: /Users/safahi/Desktop/Xcode.app/Contents/Developer/Toolchains/XcodeDefault.xctoolchain/usr/bin/cc 
Build flags: 
Id flags: -D__CLASSIC_C__ 

The output was:
No such file or directory


Compiling the C compiler identification source file "CMakeCCompilerId.c" failed.
Compiler: /Users/safahi/Desktop/Xcode.app/Contents/Developer/Toolchains/XcodeDefault.xctoolchain/usr/bin/cc 
Build flags: 
Id flags: --target=arm-arm-none-eabi;-mcpu=cortex-m3 

The output was:
No such file or directory


Compiling the C compiler identification source file "CMakeCCompilerId.c" failed.
Compiler: /Users/safahi/Desktop/Xcode.app/Contents/Developer/Toolchains/XcodeDefault.xctoolchain/usr/bin/cc 
Build flags: 
Id flags: -c;-I__does_not_exist__ 

The output was:
No such file or directory


Compiling the C compiler identification source file "CMakeCCompilerId.c" failed.
Compiler: /Users/safahi/Desktop/Xcode.app/Contents/Developer/Toolchains/XcodeDefault.xctoolchain/usr/bin/cc 
Build flags: 
Id flags:  

The output was:
No such file or directory


Compiling the C compiler identification source file "CMakeCCompilerId.c" failed.
Compiler: /Users/safahi/Desktop/Xcode.app/Contents/Developer/Toolchains/XcodeDefault.xctoolchain/usr/bin/cc 
Build flags: 
Id flags: -c 

The output was:
No such file or directory


Compiling the C compiler identification source file "CMakeCCompilerId.c" failed.
Compiler: /Users/safahi/Desktop/Xcode.app/Contents/Developer/Toolchains/XcodeDefault.xctoolchain/usr/bin/cc 
Build flags: 
Id flags: -Aa 

The output was:
No such file or directory


Compiling the C compiler identification source file "CMakeCCompilerId.c" failed.
Compiler: /Users/safahi/Desktop/Xcode.app/Contents/Developer/Toolchains/XcodeDefault.xctoolchain/usr/bin/cc 
Build flags: 
Id flags: -D__CLASSIC_C__ 

The output was:
No such file or directory


Compiling the C compiler identification source file "CMakeCCompilerId.c" failed.
Compiler: /Users/safahi/Desktop/Xcode.app/Contents/Developer/Toolchains/XcodeDefault.xctoolchain/usr/bin/cc 
Build flags: 
Id flags: --target=arm-arm-none-eabi;-mcpu=cortex-m3 

The output was:
No such file or directory


Compiling the C compiler identification source file "CMakeCCompilerId.c" failed.
Compiler: /Users/safahi/Desktop/Xcode.app/Contents/Developer/Toolchains/XcodeDefault.xctoolchain/usr/bin/cc 
Build flags: 
Id flags: -c;-I__does_not_exist__ 

The output was:
No such file or directory


Checking whether the C compiler is IAR using "" did not match "IAR .+ Compiler":
Checking whether the C compiler is IAR using "" did not match "IAR .+ Compiler":
Compiling the CXX compiler identification source file "CMakeCXXCompilerId.cpp" failed.
Compiler: /Users/safahi/Desktop/Xcode.app/Contents/Developer/Toolchains/XcodeDefault.xctoolchain/usr/bin/c++ 
Build flags: 
Id flags:  

The output was:
No such file or directory


Compiling the CXX compiler identification source file "CMakeCXXCompilerId.cpp" failed.
Compiler: /Users/safahi/Desktop/Xcode.app/Contents/Developer/Toolchains/XcodeDefault.xctoolchain/usr/bin/c++ 
Build flags: 
Id flags: -c 

The output was:
No such file or directory


Compiling the CXX compiler identification source file "CMakeCXXCompilerId.cpp" failed.
Compiler: /Users/safahi/Desktop/Xcode.app/Contents/Developer/Toolchains/XcodeDefault.xctoolchain/usr/bin/c++ 
Build flags: 
Id flags: --c++ 

The output was:
No such file or directory


Compiling the CXX compiler identification source file "CMakeCXXCompilerId.cpp" failed.
Compiler: /Users/safahi/Desktop/Xcode.app/Contents/Developer/Toolchains/XcodeDefault.xctoolchain/usr/bin/c++ 
Build flags: 
Id flags: --ec++ 

The output was:
No such file or directory


Compiling the CXX compiler identification source file "CMakeCXXCompilerId.cpp" failed.
Compiler: /Users/safahi/Desktop/Xcode.app/Contents/Developer/Toolchains/XcodeDefault.xctoolchain/usr/bin/c++ 
Build flags: 
Id flags: --target=arm-arm-none-eabi;-mcpu=cortex-m3 

The output was:
No such file or directory


Compiling the CXX compiler identification source file "CMakeCXXCompilerId.cpp" failed.
Compiler: /Users/safahi/Desktop/Xcode.app/Contents/Developer/Toolchains/XcodeDefault.xctoolchain/usr/bin/c++ 
Build flags: 
Id flags: -c;-I__does_not_exist__ 

The output was:
No such file or directory


Compiling the CXX compiler identification source file "CMakeCXXCompilerId.cpp" failed.
Compiler: /Users/safahi/Desktop/Xcode.app/Contents/Developer/Toolchains/XcodeDefault.xctoolchain/usr/bin/c++ 
Build flags: 
Id flags:  

The output was:
No such file or directory


Compiling the CXX compiler identification source file "CMakeCXXCompilerId.cpp" failed.
Compiler: /Users/safahi/Desktop/Xcode.app/Contents/Developer/Toolchains/XcodeDefault.xctoolchain/usr/bin/c++ 
Build flags: 
Id flags: -c 

The output was:
No such file or directory


Compiling the CXX compiler identification source file "CMakeCXXCompilerId.cpp" failed.
Compiler: /Users/safahi/Desktop/Xcode.app/Contents/Developer/Toolchains/XcodeDefault.xctoolchain/usr/bin/c++ 
Build flags: 
Id flags: --c++ 

The output was:
No such file or directory


Compiling the CXX compiler identification source file "CMakeCXXCompilerId.cpp" failed.
Compiler: /Users/safahi/Desktop/Xcode.app/Contents/Developer/Toolchains/XcodeDefault.xctoolchain/usr/bin/c++ 
Build flags: 
Id flags: --ec++ 

The output was:
No such file or directory


Compiling the CXX compiler identification source file "CMakeCXXCompilerId.cpp" failed.
Compiler: /Users/safahi/Desktop/Xcode.app/Contents/Developer/Toolchains/XcodeDefault.xctoolchain/usr/bin/c++ 
Build flags: 
Id flags: --target=arm-arm-none-eabi;-mcpu=cortex-m3 

The output was:
No such file or directory


Compiling the CXX compiler identification source file "CMakeCXXCompilerId.cpp" failed.
Compiler: /Users/safahi/Desktop/Xcode.app/Contents/Developer/Toolchains/XcodeDefault.xctoolchain/usr/bin/c++ 
Build flags: 
Id flags: -c;-I__does_not_exist__ 

The output was:
No such file or directory


Checking whether the CXX compiler is IAR using "" did not match "IAR .+ Compiler":
Checking whether the CXX compiler is IAR using "" did not match "IAR .+ Compiler":
